<?xml version="1.0" encoding="UTF-8"?>
<!-- Generated by org.testng.reporters.JUnitXMLReporter -->
<testsuite ignored="2" hostname="DESKTOP-EJHAJJ4" failures="0" tests="1" name="Default test" time="72.736" errors="0" timestamp="2025-09-22T16:32:59 IST">
  <testcase classname="com.crm.comcast.crm.basetest.CreateContactTest" name="createContact" time="52.66"/>
  <testcase classname="com.crm.comcast.crm.basetest.CreateContactTest" name="createContactWithOrg" time="0.0">
    <ignored/>
  </testcase> <!-- createContactWithOrg -->
  <testcase classname="com.crm.comcast.crm.basetest.CreateContactTest" name="createContactWithSupportDate" time="0.0">
    <ignored/>
  </testcase> <!-- createContactWithSupportDate -->
</testsuite> <!-- Default test -->
