<?xml version="1.0" encoding="UTF-8"?>
<!-- Generated by org.testng.reporters.JUnitXMLReporter -->
<testsuite ignored="2" hostname="DESKTOP-EJHAJJ4" failures="0" tests="7" name="Test2" time="2.715" errors="0" timestamp="2025-09-08T12:40:11 IST">
  <testcase classname="com.crm.comcast.crm.basetest.CreateContactTest" name="createContact" time="0.0">
    <skipped/>
  </testcase> <!-- createContact -->
  <testcase classname="com.crm.comcast.crm.basetest.CreateContactTest" name="createContactWithOrg" time="0.0">
    <skipped/>
  </testcase> <!-- createContactWithOrg -->
  <testcase classname="com.crm.comcast.crm.basetest.CreateContactTest" name="createContactWithSupportDate" time="0.0">
    <skipped/>
  </testcase> <!-- createContactWithSupportDate -->
  <testcase classname="com.crm.comcast.crm.basetest.CreateOrganizationTest" name="createOrgWithIndustry" time="0.0">
    <skipped/>
  </testcase> <!-- createOrgWithIndustry -->
  <testcase classname="com.crm.comcast.crm.basetest.CreateOrganizationTest" name="createOrgWithPhoneNumber" time="0.0">
    <skipped/>
  </testcase> <!-- createOrgWithPhoneNumber -->
  <testcase classname="com.crm.comcast.crm.basetest.CreateOrganizationTest" name="deleteOrgTest" time="0.0">
    <skipped/>
  </testcase> <!-- deleteOrgTest -->
  <testcase classname="com.crm.comcast.crm.basetest.CreateOrganizationTest" name="orgPage" time="0.0">
    <skipped/>
  </testcase> <!-- orgPage -->
  <testcase classname="com.crm.comcast.crm.basetest.BaseClass" name="@BeforeSuite BS" time="0.0">
    <ignored/>
  </testcase> <!-- @BeforeSuite BS -->
  <testcase classname="com.crm.comcast.crm.basetest.BaseClass" name="@AfterSuite AS" time="0.0">
    <ignored/>
  </testcase> <!-- @AfterSuite AS -->
</testsuite> <!-- Test2 -->
