<?xml version="1.0" encoding="UTF-8"?>
<!-- Generated by org.testng.reporters.JUnitXMLReporter -->
<testsuite ignored="0" hostname="DESKTOP-EJHAJJ4" failures="0" tests="4" name="Test" time="0.073" errors="0" timestamp="2025-09-18T11:55:31 IST">
  <testcase classname="task.Task" name="test1" time="0.007"/>
  <testcase classname="task.Task" name="test2" time="0.002"/>
  <testcase classname="task.Task" name="test3" time="0.002"/>
  <testcase classname="task.Task" name="test4" time="0.002"/>
</testsuite> <!-- Test -->
