<?xml version="1.0" encoding="UTF-8"?>
<testng-results ignored="2" total="3" passed="1" failed="0" skipped="0">
  <reporter-output>
  </reporter-output>
  <suite started-at="2025-09-22T16:31:46 IST" name="Default suite" finished-at="2025-09-22T16:32:59 IST" duration-ms="72736">
    <groups>
      <group name="smokeTest">
        <method signature="CreateContactTest.createContact()[pri:0, instance:com.crm.comcast.crm.basetest.CreateContactTest@4f0f2942]" name="createContact" class="com.crm.comcast.crm.basetest.CreateContactTest"/>
      </group> <!-- smokeTest -->
    </groups>
    <test started-at="2025-09-22T16:31:46 IST" name="Default test" finished-at="2025-09-22T16:32:59 IST" duration-ms="72736">
      <class name="com.crm.comcast.crm.basetest.CreateContactTest">
        <test-method is-config="true" signature="BS()[pri:0, instance:com.crm.comcast.crm.basetest.CreateContactTest@4f0f2942]" started-at="2025-09-22T16:31:45 IST" name="BS" finished-at="2025-09-22T16:31:46 IST" duration-ms="970" status="PASS">
          <reporter-output>
          </reporter-output>
        </test-method> <!-- BS -->
        <test-method is-config="true" signature="BC()[pri:0, instance:com.crm.comcast.crm.basetest.CreateContactTest@4f0f2942]" started-at="2025-09-22T16:31:47 IST" name="BC" finished-at="2025-09-22T16:31:59 IST" duration-ms="11974" status="PASS">
          <reporter-output>
          </reporter-output>
        </test-method> <!-- BC -->
        <test-method is-config="true" signature="BM()[pri:0, instance:com.crm.comcast.crm.basetest.CreateContactTest@4f0f2942]" started-at="2025-09-22T16:31:59 IST" name="BM" finished-at="2025-09-22T16:32:05 IST" duration-ms="6076" status="PASS">
          <reporter-output>
          </reporter-output>
        </test-method> <!-- BM -->
        <test-method signature="createContact()[pri:0, instance:com.crm.comcast.crm.basetest.CreateContactTest@4f0f2942]" started-at="2025-09-22T16:32:05 IST" name="createContact" finished-at="2025-09-22T16:32:58 IST" duration-ms="52660" status="PASS">
          <reporter-output>
          </reporter-output>
        </test-method> <!-- createContact -->
        <test-method is-config="true" signature="AM()[pri:0, instance:com.crm.comcast.crm.basetest.CreateContactTest@4f0f2942]" started-at="2025-09-22T16:32:58 IST" name="AM" finished-at="2025-09-22T16:32:58 IST" duration-ms="846" status="PASS">
          <reporter-output>
          </reporter-output>
        </test-method> <!-- AM -->
        <test-method is-config="true" signature="AC()[pri:0, instance:com.crm.comcast.crm.basetest.CreateContactTest@4f0f2942]" started-at="2025-09-22T16:32:58 IST" name="AC" finished-at="2025-09-22T16:32:59 IST" duration-ms="426" status="PASS">
          <reporter-output>
          </reporter-output>
        </test-method> <!-- AC -->
        <test-method is-config="true" signature="AS()[pri:0, instance:com.crm.comcast.crm.basetest.CreateContactTest@4f0f2942]" started-at="2025-09-22T16:32:59 IST" name="AS" finished-at="2025-09-22T16:32:59 IST" duration-ms="2" status="PASS">
          <reporter-output>
          </reporter-output>
        </test-method> <!-- AS -->
      </class> <!-- com.crm.comcast.crm.basetest.CreateContactTest -->
    </test> <!-- Default test -->
  </suite> <!-- Default suite -->
</testng-results>
